<?xml version="1.0" encoding="UTF-8"?>
<!-- Generated by org.testng.reporters.JUnitXMLReporter -->
<testsuite hostname="LAPTOP-RSES787T" ignored="0" name="Default test" tests="14" failures="0" timestamp="2022-12-19T23:49:09 EST" time="61.703" errors="0">
  <testcase name="currencyEuroTest" time="1.847" classname="assignments.TutorialsNinja"/>
  <testcase name="searchCameraTest" time="4.705" classname="assignments.TutorialsNinja"/>
  <testcase name="selectIphone" time="5.662" classname="assignments.TutorialsNinja"/>
  <testcase name="viewCartTest" time="1.538" classname="assignments.TutorialsNinja"/>
  <testcase name="updateQuantityTest" time="1.796" classname="assignments.TutorialsNinja"/>
  <testcase name="printTaxTest" time="1.757" classname="assignments.TutorialsNinja"/>
  <testcase name="errorMsgRemove" time="1.099" classname="assignments.TutorialsNinja"/>
  <testcase name="macBookTest" time="4.494" classname="assignments.TutorialsNinja"/>
  <testcase name="enterCouponCodeTest" time="3.7" classname="assignments.TutorialsNinja"/>
  <testcase name="enterGiftCertTest" time="2.303" classname="assignments.TutorialsNinja"/>
  <testcase name="clearValuesCheckoutTest" time="10.298" classname="assignments.TutorialsNinja"/>
  <testcase name="registerDetailsTest" time="7.402" classname="assignments.TutorialsNinja"/>
  <testcase name="commentsErrorMsgTest" time="2.953" classname="assignments.TutorialsNinja"/>
  <testcase name="contactUsTest" time="5.68" classname="assignments.TutorialsNinja"/>
</testsuite> <!-- Default test -->
